<?xml version="1.0" encoding="UTF-8"?>
<testng-results total="1" passed="1" failed="0" skipped="0">
  <reporter-output>
    <line>
      <![CDATA[Application opened]]>
    </line>
  </reporter-output>
  <suite started-at="2022-05-26T14:30:25Z" name="Suite1" finished-at="2022-05-26T14:30:56Z" duration-ms="31225">
    <groups>
    </groups>
    <test started-at="2022-05-26T14:30:25Z" name="Nopackage" finished-at="2022-05-26T14:30:56Z" duration-ms="31225">
      <class name="com.hrms.testscripts.TC001">
        <test-method signature="tc001()[pri:0, instance:com.hrms.testscripts.TC001@69e1dd28]" started-at="2022-05-26T20:00:25Z" name="tc001" finished-at="2022-05-26T20:00:56Z" duration-ms="31167" status="PASS">
          <reporter-output>
            <line>
              <![CDATA[Application opened]]>
            </line>
          </reporter-output>
        </test-method> <!-- tc001 -->
      </class> <!-- com.hrms.testscripts.TC001 -->
    </test> <!-- Nopackage -->
  </suite> <!-- Suite1 -->
</testng-results>
